#
# A fatal error has been detected by the Java Runtime Environment:
#
#  SIGSEGV (0xb) at pc=0x000000015d01d184, pid=3216, tid=26627
#
# JRE version: Java(TM) SE Runtime Environment (7.0_51-b13) (build 1.7.0_51-b13)
# Java VM: Java HotSpot(TM) 64-Bit Server VM (24.51-b03 mixed mode bsd-amd64 compressed oops)
# Problematic frame:
# C  [libmacattrs.dylib+0x3184]  -[KQueueWatcher watcherThread:]+0x114
#
# Failed to write core dump. Core dumps have been disabled. To enable core dumping, try "ulimit -c unlimited" before starting Java again
#
# If you would like to submit a bug report, please visit:
#   http://bugreport.sun.com/bugreport/crash.jsp
# The crash happened outside the Java Virtual Machine in native code.
# See problematic frame for where to report the bug.
#

---------------  T H R E A D  ---------------

Current thread (0x00007feada907000):  JavaThread "Thread-1" daemon [_thread_in_native, id=26627, stack(0x000000015d078000,0x000000015d0f8000)]

siginfo:si_signo=SIGSEGV: si_errno=0, si_code=1 (SEGV_MAPERR), si_addr=0x0000000d684d9ed7

Registers:
RAX=0x0000000000000002, RBX=0x00007fead982c4b0, RCX=0x0000000000000018, RDX=0x0000000d684d9ebf
RSP=0x000000015d0f7ba0, RBP=0x000000015d0f7cc0, RSI=0x0000000000000002, RDI=0x0000000000000018
R8 =0x0000000000000014, R9 =0x0000000000000000, R10=0x000000015d0f7c70, R11=0x0000000000000246
R12=0x0000000000006803, R13=0x0000000004000000, R14=0x00007fead906f038, R15=0x00007fff90626240
RIP=0x000000015d01d184, EFLAGS=0x0000000000010206, ERR=0x0000000000000004
  TRAPNO=0x000000000000000e

Top of Stack: (sp=0x000000015d0f7ba0)
0x000000015d0f7ba0:   000000015d0f7c60 010000015d0246b4
0x000000015d0f7bb0:   00007fead9b0d260 00007fead9906a40
0x000000015d0f7bc0:   00007fff7e923fa0 0000000000000d87
0x000000015d0f7bd0:   00007fead9906830 000000684d9ebf87
0x000000015d0f7be0:   00007fead982c480 000000015d0273e0
0x000000015d0f7bf0:   0000000000000002 00007fff90626240
0x000000015d0f7c00:   000000000000001a 00007fead9906a40
0x000000015d0f7c10:   00007fff7e923fa0 0000000000000d87
0x000000015d0f7c20:   00007fead9906830 0000000d684d9ebf
0x000000015d0f7c30:   00007fead982ca00 0000000000000000
0x000000015d0f7c40:   00007fead982d300 0000000000000001
0x000000015d0f7c50:   0000000000000000 0000000c00000000
0x000000015d0f7c60:   0000000000000005 0000000000000000
0x000000015d0f7c70:   000000000000000f 000000110025fffc
0x000000015d0f7c80:   0000000000000000 0000000f684d9ebf
0x000000015d0f7c90:   0000000000000000 0000000000000000
0x000000015d0f7ca0:   000000020000000d 000000020025fffc
0x000000015d0f7cb0:   0000000000000000 0000000d684d9ebf
0x000000015d0f7cc0:   0000000000000000 0000000000000000
0x000000015d0f7cd0:   0000000000000000 0000000000000000
0x000000015d0f7ce0:   0000000000000000 0000000000000000
0x000000015d0f7cf0:   0000000000000000 00007fead8c1bdf0
0x000000015d0f7d00:   0000000000000000 00007fead982c4b0
0x000000015d0f7d10:   0000000000000000 0000000000000000
0x000000015d0f7d20:   0000000000000000 0000000000000000
0x000000015d0f7d30:   0000000000000000 0000000000000000
0x000000015d0f7d40:   0000000000000000 0000000000000000
0x000000015d0f7d50:   0000000000000000 0000000000000000
0x000000015d0f7d60:   0000000000000000 0000000000000000
0x000000015d0f7d70:   0000000000000000 0000000000000000
0x000000015d0f7d80:   0000000000000000 0000000000000000
0x000000015d0f7d90:   0000000000000000 0000000000000000 

Instructions: (pc=0x000000015d01d184)
0x000000015d01d164:   ff 89 45 e4 8b 0d 7a a5 00 00 01 c1 89 0d 72 a5
0x000000015d01d174:   00 00 8b 75 e4 48 8b 55 f8 48 8b 3d a4 9c 00 00
0x000000015d01d184:   0f be 0c 3a 30 c0 48 8d 15 4f a2 00 00 48 8d 3d
0x000000015d01d194:   68 a2 00 00 85 c9 48 0f 45 fa 48 8d 15 fb a2 00 

Register to memory mapping:

RAX=0x0000000000000002 is an unknown value
RBX=0x00007fead982c4b0 is an unknown value
RCX=0x0000000000000018 is an unknown value
RDX=0x0000000d684d9ebf is an unknown value
RSP=0x000000015d0f7ba0 is pointing into the stack for thread: 0x00007feada907000
RBP=0x000000015d0f7cc0 is pointing into the stack for thread: 0x00007feada907000
RSI=0x0000000000000002 is an unknown value
RDI=0x0000000000000018 is an unknown value
R8 =0x0000000000000014 is an unknown value
R9 =0x0000000000000000 is an unknown value
R10=0x000000015d0f7c70 is pointing into the stack for thread: 0x00007feada907000
R11=0x0000000000000246 is an unknown value
R12=0x0000000000006803 is an unknown value
R13=0x0000000004000000 is an unknown value
R14=0x00007fead906f038 is an unknown value
R15=0x00007fff90626240: objc_msgSend+0 in /usr/lib/libobjc.A.dylib at 0x00007fff90620000


Stack: [0x000000015d078000,0x000000015d0f8000],  sp=0x000000015d0f7ba0,  free space=510k
Native frames: (J=compiled Java code, j=interpreted, Vv=VM code, C=native code)
C  [libmacattrs.dylib+0x3184]  -[KQueueWatcher watcherThread:]+0x114


---------------  P R O C E S S  ---------------

Java Threads: ( => current thread )
=>0x00007feada907000 JavaThread "Thread-1" daemon [_thread_in_native, id=26627, stack(0x000000015d078000,0x000000015d0f8000)]
  0x00007feada89f800 JavaThread "kqueue polling thread" daemon [_thread_blocked, id=24835, stack(0x000000015cf18000,0x000000015d018000)]
  0x00007feadb017000 JavaThread "DestroyJavaVM" [_thread_blocked, id=3847, stack(0x000000010fed5000,0x000000010ffd5000)]
  0x00007feadb016000 JavaThread "Test Thread" [_thread_in_native, id=24323, stack(0x000000015cda4000,0x000000015cea4000)]
  0x00007feadb00b000 JavaThread "Timer-0" daemon [_thread_blocked, id=23811, stack(0x000000015cca1000,0x000000015cda1000)]
  0x00007feada878800 JavaThread "Service Thread" daemon [_thread_blocked, id=22787, stack(0x000000015ca88000,0x000000015cb88000)]
  0x00007feada878000 JavaThread "C2 CompilerThread1" daemon [_thread_blocked, id=22275, stack(0x000000015c985000,0x000000015ca85000)]
  0x00007feada876800 JavaThread "C2 CompilerThread0" daemon [_thread_blocked, id=21763, stack(0x000000015c882000,0x000000015c982000)]
  0x00007feada875800 JavaThread "Signal Dispatcher" daemon [_thread_blocked, id=21251, stack(0x000000015c77f000,0x000000015c87f000)]
  0x00007feada849000 JavaThread "Finalizer" daemon [_thread_blocked, id=16899, stack(0x000000015c52c000,0x000000015c62c000)]
  0x00007feada846800 JavaThread "Reference Handler" daemon [_thread_blocked, id=16387, stack(0x000000015c429000,0x000000015c529000)]

Other Threads:
  0x00007feada846000 VMThread [stack: 0x000000015c326000,0x000000015c426000] [id=15875]
  0x00007feada84b800 WatcherThread [stack: 0x000000015cb8b000,0x000000015cc8b000] [id=23299]

VM state:not at safepoint (normal execution)

VM Mutex/Monitor currently owned by a thread: None

Heap
 PSYoungGen      total 19456K, used 3746K [0x0000000142e80000, 0x0000000144400000, 0x0000000158400000)
  eden space 16896K, 22% used [0x0000000142e80000,0x0000000143228990,0x0000000143f00000)
  from space 2560K, 0% used [0x0000000144180000,0x0000000144180000,0x0000000144400000)
  to   space 2560K, 0% used [0x0000000143f00000,0x0000000143f00000,0x0000000144180000)
 ParOldGen       total 43520K, used 0K [0x0000000118400000, 0x000000011ae80000, 0x0000000142e80000)
  object space 43520K, 0% used [0x0000000118400000,0x0000000118400000,0x000000011ae80000)
 PSPermGen       total 21504K, used 4238K [0x0000000113200000, 0x0000000114700000, 0x0000000118400000)
  object space 21504K, 19% used [0x0000000113200000,0x0000000113623ad8,0x0000000114700000)

Card table byte_map: [0x0000000158400000,0x000000015862a000] byte_map_base: 0x0000000157b67000

Polling page: 0x0000000110014000

Code Cache  [0x00000001100aa000, 0x000000011031a000, 0x00000001130aa000)
 total_blobs=240 nmethods=11 adapters=184 free_code_cache=48723Kb largest_free_block=49877440

Compilation events (10 events):
Event: 1.816 Thread 0x00007feada878000    6             sun.nio.cs.UTF_8$Decoder::decode (640 bytes)
Event: 1.816 Thread 0x00007feada876800 nmethod 5 0x000000011010ec10 code [0x000000011010ed40, 0x000000011010edb8]
Event: 1.819 Thread 0x00007feada876800    7             sun.nio.fs.MacOSXFileSystem::normalizeJavaPath (45 bytes)
Event: 1.824 Thread 0x00007feada876800 nmethod 7 0x000000011010e710 code [0x000000011010e860, 0x000000011010ea88]
Event: 1.844 Thread 0x00007feada878000 nmethod 6 0x0000000110113710 code [0x0000000110113a00, 0x00000001101147d0]
Event: 1.849 Thread 0x00007feada876800    8             java.lang.Object::<init> (1 bytes)
Event: 1.850 Thread 0x00007feada876800 nmethod 8 0x0000000110110850 code [0x0000000110110980, 0x0000000110110a18]
Event: 3.381 Thread 0x00007feada876800    9             sun.nio.cs.UTF_8$Encoder::encode (361 bytes)
Event: 3.387 Thread 0x00007feada876800 nmethod 9 0x0000000110111850 code [0x00000001101119c0, 0x0000000110111ee8]
Event: 3.486 Thread 0x00007feada878000   11             java.lang.String::equals (81 bytes)

GC Heap History (0 events):
No events

Deoptimization events (0 events):
No events

Internal exceptions (10 events):
Event: 1.558 Thread 0x00007feada89f800 Threw 0x000000014302df38 at /HUDSON/workspace/7u-2-build-macosx-x86_64/jdk7u51/527/hotspot/src/share/vm/prims/jvm.cpp:1244
Event: 1.592 Thread 0x00007feada89f800 Threw 0x0000000143036b30 at /HUDSON/workspace/7u-2-build-macosx-x86_64/jdk7u51/527/hotspot/src/share/vm/prims/jvm.cpp:1244
Event: 1.593 Thread 0x00007feada89f800 Threw 0x00000001430394b0 at /HUDSON/workspace/7u-2-build-macosx-x86_64/jdk7u51/527/hotspot/src/share/vm/prims/jvm.cpp:1244
Event: 1.593 Thread 0x00007feada89f800 Threw 0x000000014303e7b8 at /HUDSON/workspace/7u-2-build-macosx-x86_64/jdk7u51/527/hotspot/src/share/vm/prims/jvm.cpp:1244
Event: 1.622 Thread 0x00007feada907000 Threw 0x0000000143082e50 at /HUDSON/workspace/7u-2-build-macosx-x86_64/jdk7u51/527/hotspot/src/share/vm/prims/jvm.cpp:1244
Event: 1.631 Thread 0x00007feada89f800 Threw 0x0000000143044c78 at /HUDSON/workspace/7u-2-build-macosx-x86_64/jdk7u51/527/hotspot/src/share/vm/prims/jvm.cpp:1244
Event: 3.469 Thread 0x00007feadb016000 Threw 0x00000001431d5910 at /HUDSON/workspace/7u-2-build-macosx-x86_64/jdk7u51/527/hotspot/src/share/vm/prims/jvm.cpp:1244
Event: 3.469 Thread 0x00007feadb016000 Threw 0x00000001431d5a38 at /HUDSON/workspace/7u-2-build-macosx-x86_64/jdk7u51/527/hotspot/src/share/vm/prims/jvm.cpp:1244
Event: 3.470 Thread 0x00007feadb016000 Threw 0x00000001431d8c08 at /HUDSON/workspace/7u-2-build-macosx-x86_64/jdk7u51/527/hotspot/src/share/vm/prims/jvm.cpp:1244
Event: 3.470 Thread 0x00007feadb016000 Threw 0x00000001431d8d30 at /HUDSON/workspace/7u-2-build-macosx-x86_64/jdk7u51/527/hotspot/src/share/vm/prims/jvm.cpp:1244

Events (10 events):
Event: 3.485 loading class 0x00007fead903d0b0
Event: 3.485 loading class 0x00007fead903d0b0 done
Event: 3.485 loading class 0x000000015b0aac20
Event: 3.486 loading class 0x000000015b0aac20 done
Event: 3.486 loading class 0x00007feada04b790
Event: 3.486 loading class 0x00007feada04b790 done
Event: 3.486 loading class 0x00007fead903e560
Event: 3.486 loading class 0x00007feada04af10
Event: 3.486 loading class 0x00007feada04af10 done
Event: 3.486 loading class 0x00007fead903e560 done


Dynamic libraries:
0x000000000dc93000 	/System/Library/Frameworks/Cocoa.framework/Versions/A/Cocoa
0x000000000dc93000 	/System/Library/Frameworks/Security.framework/Versions/A/Security
0x000000000dc93000 	/System/Library/Frameworks/ApplicationServices.framework/Versions/A/ApplicationServices
0x000000000dc93000 	/usr/lib/libz.1.dylib
0x000000000dc93000 	/usr/lib/libSystem.B.dylib
0x000000000dc93000 	/usr/lib/libobjc.A.dylib
0x000000000dc93000 	/System/Library/Frameworks/CoreFoundation.framework/Versions/A/CoreFoundation
0x000000000dc93000 	/System/Library/Frameworks/Foundation.framework/Versions/C/Foundation
0x000000000dc93000 	/System/Library/Frameworks/AppKit.framework/Versions/C/AppKit
0x000000000dc93000 	/System/Library/Frameworks/CoreData.framework/Versions/A/CoreData
0x000000000dc93000 	/System/Library/PrivateFrameworks/RemoteViewServices.framework/Versions/A/RemoteViewServices
0x000000000dc93000 	/System/Library/Frameworks/AudioToolbox.framework/Versions/A/AudioToolbox
0x000000000dc93000 	/System/Library/Frameworks/AudioUnit.framework/Versions/A/AudioUnit
0x000000000dc93000 	/System/Library/PrivateFrameworks/DataDetectorsCore.framework/Versions/A/DataDetectorsCore
0x000000000dc93000 	/System/Library/PrivateFrameworks/DesktopServicesPriv.framework/Versions/A/DesktopServicesPriv
0x000000000dc93000 	/System/Library/Frameworks/Carbon.framework/Versions/A/Frameworks/HIToolbox.framework/Versions/A/HIToolbox
0x000000000dc93000 	/System/Library/Frameworks/QuartzCore.framework/Versions/A/QuartzCore
0x000000000dc93000 	/System/Library/Frameworks/Carbon.framework/Versions/A/Frameworks/SpeechRecognition.framework/Versions/A/SpeechRecognition
0x000000000dc93000 	/usr/lib/libauto.dylib
0x000000000dc93000 	/usr/lib/libicucore.A.dylib
0x000000000dc93000 	/usr/lib/libxml2.2.dylib
0x000000000dc93000 	/System/Library/PrivateFrameworks/CoreUI.framework/Versions/A/CoreUI
0x000000000dc93000 	/System/Library/Frameworks/CoreAudio.framework/Versions/A/CoreAudio
0x000000000dc93000 	/System/Library/Frameworks/DiskArbitration.framework/Versions/A/DiskArbitration
0x000000000dc93000 	/usr/lib/liblangid.dylib
0x000000000dc93000 	/System/Library/PrivateFrameworks/MultitouchSupport.framework/Versions/A/MultitouchSupport
0x000000000dc93000 	/System/Library/Frameworks/IOKit.framework/Versions/A/IOKit
0x000000000dc93000 	/usr/lib/libDiagnosticMessagesClient.dylib
0x000000000dc93000 	/System/Library/Frameworks/CoreServices.framework/Versions/A/CoreServices
0x000000000dc93000 	/System/Library/PrivateFrameworks/PerformanceAnalysis.framework/Versions/A/PerformanceAnalysis
0x000000000dc93000 	/System/Library/PrivateFrameworks/GenerationalStorage.framework/Versions/A/GenerationalStorage
0x000000000dc93000 	/System/Library/Frameworks/OpenGL.framework/Versions/A/OpenGL
0x000000000dc93000 	/System/Library/Frameworks/CoreText.framework/Versions/A/CoreText
0x000000000dc93000 	/System/Library/Frameworks/ImageIO.framework/Versions/A/ImageIO
0x000000000dc93000 	/System/Library/PrivateFrameworks/Backup.framework/Versions/A/Backup
0x000000000dc93000 	/System/Library/Frameworks/CFNetwork.framework/Versions/A/CFNetwork
0x000000000dc93000 	/System/Library/Frameworks/SystemConfiguration.framework/Versions/A/SystemConfiguration
0x000000000dc93000 	/usr/lib/libCRFSuite.dylib
0x000000000dc93000 	/System/Library/PrivateFrameworks/TCC.framework/Versions/A/TCC
0x000000000dc93000 	/usr/lib/libc++.1.dylib
0x000000000dc93000 	/usr/lib/libc++abi.dylib
0x000000000dc93000 	/usr/lib/system/libcache.dylib
0x000000000dc93000 	/usr/lib/system/libcommonCrypto.dylib
0x000000000dc93000 	/usr/lib/system/libcompiler_rt.dylib
0x000000000dc93000 	/usr/lib/system/libcopyfile.dylib
0x000000000dc93000 	/usr/lib/system/libdispatch.dylib
0x000000000dc93000 	/usr/lib/system/libdnsinfo.dylib
0x000000000dc93000 	/usr/lib/system/libdyld.dylib
0x000000000dc93000 	/usr/lib/system/libkeymgr.dylib
0x000000000dc93000 	/usr/lib/system/liblaunch.dylib
0x000000000dc93000 	/usr/lib/system/libmacho.dylib
0x000000000dc93000 	/usr/lib/system/libquarantine.dylib
0x000000000dc93000 	/usr/lib/system/libremovefile.dylib
0x000000000dc93000 	/usr/lib/system/libsystem_blocks.dylib
0x000000000dc93000 	/usr/lib/system/libsystem_c.dylib
0x000000000dc93000 	/usr/lib/system/libsystem_dnssd.dylib
0x000000000dc93000 	/usr/lib/system/libsystem_info.dylib
0x000000000dc93000 	/usr/lib/system/libsystem_kernel.dylib
0x000000000dc93000 	/usr/lib/system/libsystem_m.dylib
0x000000000dc93000 	/usr/lib/system/libsystem_network.dylib
0x000000000dc93000 	/usr/lib/system/libsystem_notify.dylib
0x000000000dc93000 	/usr/lib/system/libsystem_sandbox.dylib
0x000000000dc93000 	/usr/lib/system/libunc.dylib
0x000000000dc93000 	/usr/lib/system/libunwind.dylib
0x000000000dc93000 	/usr/lib/system/libxpc.dylib
0x000000000dc93000 	/usr/lib/system/libcorecrypto.dylib
0x000000000dc93000 	/usr/lib/libstdc++.6.dylib
0x000000000dc93000 	/usr/lib/libbsm.0.dylib
0x000000000dc93000 	/usr/lib/libsqlite3.dylib
0x000000000dc93000 	/usr/lib/libxar.1.dylib
0x000000000dc93000 	/usr/lib/libpam.2.dylib
0x000000000dc93000 	/usr/lib/libOpenScriptingUtil.dylib
0x000000000dc93000 	/usr/lib/libbz2.1.0.dylib
0x000000000dc93000 	/System/Library/Frameworks/CoreServices.framework/Versions/A/Frameworks/CarbonCore.framework/Versions/A/CarbonCore
0x000000000dc93000 	/System/Library/Frameworks/CoreServices.framework/Versions/A/Frameworks/Metadata.framework/Versions/A/Metadata
0x000000000dc93000 	/System/Library/Frameworks/CoreServices.framework/Versions/A/Frameworks/OSServices.framework/Versions/A/OSServices
0x000000000dc93000 	/System/Library/Frameworks/CoreServices.framework/Versions/A/Frameworks/SearchKit.framework/Versions/A/SearchKit
0x000000000dc93000 	/System/Library/Frameworks/CoreServices.framework/Versions/A/Frameworks/AE.framework/Versions/A/AE
0x000000000dc93000 	/System/Library/Frameworks/CoreServices.framework/Versions/A/Frameworks/LaunchServices.framework/Versions/A/LaunchServices
0x000000000dc93000 	/System/Library/Frameworks/CoreServices.framework/Versions/A/Frameworks/DictionaryServices.framework/Versions/A/DictionaryServices
0x000000000dc93000 	/System/Library/Frameworks/NetFS.framework/Versions/A/NetFS
0x000000000dc93000 	/usr/lib/system/libkxld.dylib
0x000000000dc93000 	/System/Library/PrivateFrameworks/NetAuth.framework/Versions/A/NetAuth
0x000000000dc93000 	/System/Library/Frameworks/OpenDirectory.framework/Versions/A/Frameworks/CFOpenDirectory.framework/Versions/A/CFOpenDirectory
0x000000000dc93000 	/usr/lib/libxslt.1.dylib
0x000000000dc93000 	/System/Library/PrivateFrameworks/FamilyControls.framework/Versions/A/FamilyControls
0x000000000dc93000 	/System/Library/Frameworks/Carbon.framework/Versions/A/Frameworks/Ink.framework/Versions/A/Ink
0x000000000dc93000 	/System/Library/Frameworks/ApplicationServices.framework/Versions/A/Frameworks/CoreGraphics.framework/Versions/A/CoreGraphics
0x000000000dc93000 	/System/Library/Frameworks/ApplicationServices.framework/Versions/A/Frameworks/ATS.framework/Versions/A/ATS
0x000000000dc93000 	/System/Library/Frameworks/ApplicationServices.framework/Versions/A/Frameworks/ColorSync.framework/Versions/A/ColorSync
0x000000000dc93000 	/System/Library/Frameworks/ApplicationServices.framework/Versions/A/Frameworks/HIServices.framework/Versions/A/HIServices
0x000000000dc93000 	/System/Library/Frameworks/ApplicationServices.framework/Versions/A/Frameworks/LangAnalysis.framework/Versions/A/LangAnalysis
0x000000000dc93000 	/System/Library/Frameworks/ApplicationServices.framework/Versions/A/Frameworks/PrintCore.framework/Versions/A/PrintCore
0x000000000dc93000 	/System/Library/Frameworks/ApplicationServices.framework/Versions/A/Frameworks/QD.framework/Versions/A/QD
0x000000000dc93000 	/System/Library/Frameworks/ApplicationServices.framework/Versions/A/Frameworks/SpeechSynthesis.framework/Versions/A/SpeechSynthesis
0x000000000dc93000 	/System/Library/Frameworks/IOSurface.framework/Versions/A/IOSurface
0x000000000dc93000 	/System/Library/Frameworks/Accelerate.framework/Versions/A/Accelerate
0x000000000dc93000 	/System/Library/Frameworks/ApplicationServices.framework/Versions/A/Frameworks/ATS.framework/Versions/A/Resources/libFontParser.dylib
0x000000000dc93000 	/System/Library/Frameworks/ApplicationServices.framework/Versions/A/Frameworks/ATS.framework/Versions/A/Resources/libFontRegistry.dylib
0x000000000dc93000 	/System/Library/Frameworks/Accelerate.framework/Versions/A/Frameworks/vImage.framework/Versions/A/vImage
0x000000000dc93000 	/System/Library/Frameworks/Accelerate.framework/Versions/A/Frameworks/vecLib.framework/Versions/A/vecLib
0x000000000dc93000 	/System/Library/Frameworks/Accelerate.framework/Versions/A/Frameworks/vecLib.framework/Versions/A/libvDSP.dylib
0x000000000dc93000 	/System/Library/Frameworks/Accelerate.framework/Versions/A/Frameworks/vecLib.framework/Versions/A/libvMisc.dylib
0x000000000dc93000 	/System/Library/Frameworks/Accelerate.framework/Versions/A/Frameworks/vecLib.framework/Versions/A/libLAPACK.dylib
0x000000000dc93000 	/System/Library/Frameworks/Accelerate.framework/Versions/A/Frameworks/vecLib.framework/Versions/A/libBLAS.dylib
0x000000000dc93000 	/System/Library/Frameworks/ImageIO.framework/Versions/A/Resources/libJPEG.dylib
0x000000000dc93000 	/System/Library/Frameworks/ImageIO.framework/Versions/A/Resources/libTIFF.dylib
0x000000000dc93000 	/System/Library/Frameworks/ImageIO.framework/Versions/A/Resources/libPng.dylib
0x000000000dc93000 	/System/Library/Frameworks/ImageIO.framework/Versions/A/Resources/libGIF.dylib
0x000000000dc93000 	/System/Library/Frameworks/ImageIO.framework/Versions/A/Resources/libJP2.dylib
0x000000000dc93000 	/System/Library/Frameworks/ImageIO.framework/Versions/A/Resources/libRadiance.dylib
0x000000000dc93000 	/usr/lib/libcups.2.dylib
0x000000000dc93000 	/System/Library/Frameworks/Kerberos.framework/Versions/A/Kerberos
0x000000000dc93000 	/System/Library/Frameworks/GSS.framework/Versions/A/GSS
0x000000000dc93000 	/usr/lib/libresolv.9.dylib
0x000000000dc93000 	/usr/lib/libiconv.2.dylib
0x000000000dc93000 	/System/Library/PrivateFrameworks/Heimdal.framework/Versions/A/Heimdal
0x000000000dc93000 	/System/Library/PrivateFrameworks/TrustEvaluationAgent.framework/Versions/A/TrustEvaluationAgent
0x000000000dc93000 	/System/Library/Frameworks/OpenDirectory.framework/Versions/A/OpenDirectory
0x000000000dc93000 	/System/Library/PrivateFrameworks/CommonAuth.framework/Versions/A/CommonAuth
0x000000000dc93000 	/System/Library/PrivateFrameworks/Bom.framework/Versions/A/Bom
0x000000000dc93000 	/System/Library/Frameworks/CoreVideo.framework/Versions/A/CoreVideo
0x000000000dc93000 	/System/Library/Frameworks/QuartzCore.framework/Versions/A/Frameworks/CoreImage.framework/Versions/A/CoreImage
0x000000000dc93000 	/System/Library/Frameworks/QuartzCore.framework/Versions/A/Frameworks/ScalableUserInterface.framework/Versions/A/ScalableUserInterface
0x000000000dc93000 	/System/Library/Frameworks/OpenGL.framework/Versions/A/Libraries/libGLU.dylib
0x000000000dc93000 	/System/Library/Frameworks/OpenGL.framework/Versions/A/Libraries/libGFXShared.dylib
0x000000000dc93000 	/System/Library/Frameworks/OpenGL.framework/Versions/A/Libraries/libGL.dylib
0x000000000dc93000 	/System/Library/Frameworks/OpenGL.framework/Versions/A/Libraries/libGLImage.dylib
0x000000000dc93000 	/System/Library/Frameworks/OpenGL.framework/Versions/A/Libraries/libCVMSPluginSupport.dylib
0x000000000dc93000 	/System/Library/Frameworks/OpenGL.framework/Versions/A/Libraries/libCoreVMClient.dylib
0x000000000dc93000 	/System/Library/PrivateFrameworks/CrashReporterSupport.framework/Versions/A/CrashReporterSupport
0x000000000dc93000 	/System/Library/Frameworks/OpenCL.framework/Versions/A/OpenCL
0x000000000dc93000 	/System/Library/PrivateFrameworks/FaceCoreLight.framework/Versions/A/FaceCoreLight
0x000000000dc93000 	/System/Library/PrivateFrameworks/AppleFSCompression.framework/Versions/A/AppleFSCompression
0x000000000dc93000 	/System/Library/PrivateFrameworks/Ubiquity.framework/Versions/A/Ubiquity
0x000000000dc93000 	/System/Library/Frameworks/ServiceManagement.framework/Versions/A/ServiceManagement
0x000000000dc93000 	/System/Library/PrivateFrameworks/ChunkingLibrary.framework/Versions/A/ChunkingLibrary
0x000000000dc93000 	/System/Library/Frameworks/vecLib.framework/Versions/A/vecLib
0x000000000dc93000 	/System/Library/Frameworks/SecurityFoundation.framework/Versions/A/SecurityFoundation
0x000000000dc93000 	/System/Library/PrivateFrameworks/CommerceKit.framework/Versions/A/Frameworks/CommerceCore.framework/Versions/A/CommerceCore
0x000000000dc93000 	/System/Library/PrivateFrameworks/CoreSymbolication.framework/Versions/A/CoreSymbolication
0x000000000dc93000 	/System/Library/PrivateFrameworks/Symbolication.framework/Versions/A/Symbolication
0x000000000dc93000 	/System/Library/PrivateFrameworks/DebugSymbols.framework/Versions/A/DebugSymbols
0x000000010f481000 	/Library/Java/JavaVirtualMachines/jdk1.7.0_51.jdk/Contents/Home/jre/lib/server/libjvm.dylib
0x000000010ffd7000 	/Library/Java/JavaVirtualMachines/jdk1.7.0_51.jdk/Contents/Home/jre/lib/libverify.dylib
0x000000010ffe4000 	/Library/Java/JavaVirtualMachines/jdk1.7.0_51.jdk/Contents/Home/jre/lib/libjava.dylib
0x00000001100a1000 	/Library/Java/JavaVirtualMachines/jdk1.7.0_51.jdk/Contents/Home/jre/lib/libzip.dylib
0x000000015c62e000 	/System/Library/Frameworks/JavaVM.framework/Frameworks/JavaRuntimeSupport.framework/JavaRuntimeSupport
0x000000015c647000 	/System/Library/Frameworks/JavaVM.framework/Versions/A/Frameworks/JavaNativeFoundation.framework/Versions/A/JavaNativeFoundation
0x000000015c65d000 	/System/Library/Frameworks/JavaVM.framework/Versions/A/JavaVM
0x000000000dc93000 	/System/Library/Frameworks/Carbon.framework/Versions/A/Carbon
0x000000015c66a000 	/System/Library/PrivateFrameworks/JavaLaunching.framework/Versions/A/JavaLaunching
0x000000000dc93000 	/System/Library/Frameworks/Carbon.framework/Versions/A/Frameworks/CommonPanels.framework/Versions/A/CommonPanels
0x000000000dc93000 	/System/Library/Frameworks/Carbon.framework/Versions/A/Frameworks/Help.framework/Versions/A/Help
0x000000000dc93000 	/System/Library/Frameworks/Carbon.framework/Versions/A/Frameworks/ImageCapture.framework/Versions/A/ImageCapture
0x000000000dc93000 	/System/Library/Frameworks/Carbon.framework/Versions/A/Frameworks/OpenScripting.framework/Versions/A/OpenScripting
0x000000000dc93000 	/System/Library/Frameworks/Carbon.framework/Versions/A/Frameworks/Print.framework/Versions/A/Print
0x000000000dc93000 	/System/Library/Frameworks/Carbon.framework/Versions/A/Frameworks/SecurityHI.framework/Versions/A/SecurityHI
0x000000015cea6000 	/Library/Java/JavaVirtualMachines/jdk1.7.0_51.jdk/Contents/Home/jre/lib/libnio.dylib
0x000000015ceb5000 	/Library/Java/JavaVirtualMachines/jdk1.7.0_51.jdk/Contents/Home/jre/lib/./libnet.dylib
0x000000015d01a000 	/Users/mjh/trz/libmacattrs.dylib
0x000000000dc93000 	/System/Library/PrivateFrameworks/CoreServicesInternal.framework/Versions/A/CoreServicesInternal

VM Arguments:
jvm_args: -Djava.nio.file.spi.DefaultFileSystemProvider=us.hall.trz.osx.MacFileSystemProvider 
java_command: LotsOfEvents
Launcher Type: SUN_STANDARD

Environment Variables:
PATH=/opt/local/bin:/opt/local/sbin:/Users/mjh/.rvm/gems/ruby-1.9.3-p327/bin:/Users/mjh/.rvm/gems/ruby-1.9.3-p327@global/bin:/Users/mjh/.rvm/rubies/ruby-1.9.3-p327/bin:/Users/mjh/.rvm/bin:/opt/local/bin:/opt/local/sbin:/Volumes/mbvol/apache-maven-3.0.2/bin:/usr/local/bin:/usr/local/sbin:/usr/bin:/bin:/usr/sbin:/sbin:/usr/local/bin:/Library/Frameworks/JRuby.framework/Versions/Current/bin
SHELL=/bin/bash
DISPLAY=:0.0

Signal Handlers:
SIGSEGV: [libjvm.dylib+0x525425], sa_mask[0]=0xfffefeff, sa_flags=0x00000043
SIGBUS: [libjvm.dylib+0x525425], sa_mask[0]=0xfffefeff, sa_flags=0x00000042
SIGFPE: [libjvm.dylib+0x41892a], sa_mask[0]=0xfffefeff, sa_flags=0x00000042
SIGPIPE: [libjvm.dylib+0x41892a], sa_mask[0]=0xfffefeff, sa_flags=0x00000042
SIGXFSZ: [libjvm.dylib+0x41892a], sa_mask[0]=0xfffefeff, sa_flags=0x00000042
SIGILL: [libjvm.dylib+0x41892a], sa_mask[0]=0xfffefeff, sa_flags=0x00000042
SIGUSR1: SIG_DFL, sa_mask[0]=0x63807efb, sa_flags=0x00000000
SIGUSR2: [libjvm.dylib+0x41841c], sa_mask[0]=0x00000000, sa_flags=0x00000042
SIGHUP: [libjvm.dylib+0x4166ab], sa_mask[0]=0xfffefeff, sa_flags=0x00000042
SIGINT: [libjvm.dylib+0x4166ab], sa_mask[0]=0xfffefeff, sa_flags=0x00000042
SIGTERM: [libjvm.dylib+0x4166ab], sa_mask[0]=0xfffefeff, sa_flags=0x00000042
SIGQUIT: [libjvm.dylib+0x4166ab], sa_mask[0]=0xfffefeff, sa_flags=0x00000042


---------------  S Y S T E M  ---------------

OS:Bsduname:Darwin 12.5.0 Darwin Kernel Version 12.5.0: Sun Sep 29 13:33:47 PDT 2013; root:xnu-2050.48.12~1/RELEASE_X86_64 x86_64
rlimit: STACK 8192k, CORE 0k, NPROC 709, NOFILE 10240, AS infinity
load average:1.29 1.38 1.33

CPU:total 4 (2 cores per cpu, 2 threads per core) family 6 model 58 stepping 9, cmov, cx8, fxsr, mmx, sse, sse2, sse3, ssse3, sse4.1, sse4.2, popcnt, avx, aes, erms, ht, tsc, tscinvbit, tscinv

Memory: 4k page, physical 4194304k(1048576k free)

/proc/meminfo:


vm_info: Java HotSpot(TM) 64-Bit Server VM (24.51-b03) for bsd-amd64 JRE (1.7.0_51-b13), built on Dec 18 2013 18:45:56 by "java_re" with gcc 4.2.1 (Based on Apple Inc. build 5658) (LLVM build 2336.11.00)

time: Sun Aug 10 11:09:08 2014
elapsed time: 3 seconds

