#
# A fatal error has been detected by the Java Runtime Environment:
#
#  SIGSEGV (0xb) at pc=0x0000000157b3f184, pid=3196, tid=25859
#
# JRE version: Java(TM) SE Runtime Environment (7.0_51-b13) (build 1.7.0_51-b13)
# Java VM: Java HotSpot(TM) 64-Bit Server VM (24.51-b03 mixed mode bsd-amd64 compressed oops)
# Problematic frame:
# C  [libmacattrs.dylib+0x3184]  -[KQueueWatcher watcherThread:]+0x114
#
# Failed to write core dump. Core dumps have been disabled. To enable core dumping, try "ulimit -c unlimited" before starting Java again
#
# If you would like to submit a bug report, please visit:
#   http://bugreport.sun.com/bugreport/crash.jsp
# The crash happened outside the Java Virtual Machine in native code.
# See problematic frame for where to report the bug.
#

---------------  T H R E A D  ---------------

Current thread (0x00007fd84480b000):  JavaThread "Thread-0" daemon [_thread_in_native, id=25859, stack(0x0000000157b9a000,0x0000000157c1a000)]

siginfo:si_signo=SIGSEGV: si_errno=0, si_code=1 (SEGV_MAPERR), si_addr=0x0000000e6b8a375d

Registers:
RAX=0x0000000000000002, RBX=0x00007fd8432386f0, RCX=0x0000000000000007, RDX=0x0000000e6b8a3745
RSP=0x0000000157c19ba0, RBP=0x0000000157c19cc0, RSI=0x0000000000000002, RDI=0x0000000000000018
R8 =0x0000000000000014, R9 =0x0000000000000000, R10=0x0000000157c19c70, R11=0x0000000000000246
R12=0x0000000000006503, R13=0x0000000004000000, R14=0x00007fd8428f6038, R15=0x00007fff90626240
RIP=0x0000000157b3f184, EFLAGS=0x0000000000010202, ERR=0x0000000000000004
  TRAPNO=0x000000000000000e

Top of Stack: (sp=0x0000000157c19ba0)
0x0000000157c19ba0:   0000000157c19c60 01010100570166b4
0x0000000157c19bb0:   00007fd8430072c0 00007fd84323a480
0x0000000157c19bc0:   00007fff7e923fa0 0000000000000e87
0x0000000157c19bd0:   00007fd8431019d0 0000006b8a374587
0x0000000157c19be0:   00007fd8432386c0 0000000157b493e0
0x0000000157c19bf0:   0000000000000002 00007fff90626240
0x0000000157c19c00:   0000000000000003 00007fd84323a480
0x0000000157c19c10:   00007fff7e923fa0 0000000000000e87
0x0000000157c19c20:   00007fd8431019d0 0000000e6b8a3745
0x0000000157c19c30:   00007fd843238730 0000000000000000
0x0000000157c19c40:   00007fd8430071b0 0000000000000001
0x0000000157c19c50:   0000000000000000 0000000d00000000
0x0000000157c19c60:   0000000000000005 0000000000000000
0x0000000157c19c70:   0000000000000012 000000020025fffc
0x0000000157c19c80:   0000000000000000 0000001224cbbdf3
0x0000000157c19c90:   0000000000000000 0000000000000000
0x0000000157c19ca0:   000000020000000e 000000020025fffc
0x0000000157c19cb0:   0000000000000000 0000000e6b8a3745
0x0000000157c19cc0:   0000000000000000 0000000000000000
0x0000000157c19cd0:   0000000000000000 0000000000000000
0x0000000157c19ce0:   0000000000000000 0000000000000000
0x0000000157c19cf0:   0000000000000000 00007fd842417ce0
0x0000000157c19d00:   0000000000000000 00007fd8432386f0
0x0000000157c19d10:   0000000000000000 0000000000000000
0x0000000157c19d20:   0000000000000000 0000000000000000
0x0000000157c19d30:   0000000000000000 0000000000000000
0x0000000157c19d40:   0000000000000000 0000000000000000
0x0000000157c19d50:   0000000000000000 0000000000000000
0x0000000157c19d60:   0000000000000000 0000000000000000
0x0000000157c19d70:   0000000000000000 0000000000000000
0x0000000157c19d80:   0000000000000000 0000000000000000
0x0000000157c19d90:   0000000000000000 0000000000000000 

Instructions: (pc=0x0000000157b3f184)
0x0000000157b3f164:   ff 89 45 e4 8b 0d 7a a5 00 00 01 c1 89 0d 72 a5
0x0000000157b3f174:   00 00 8b 75 e4 48 8b 55 f8 48 8b 3d a4 9c 00 00
0x0000000157b3f184:   0f be 0c 3a 30 c0 48 8d 15 4f a2 00 00 48 8d 3d
0x0000000157b3f194:   68 a2 00 00 85 c9 48 0f 45 fa 48 8d 15 fb a2 00 

Register to memory mapping:

RAX=0x0000000000000002 is an unknown value
RBX=0x00007fd8432386f0 is an unknown value
RCX=0x0000000000000007 is an unknown value
RDX=0x0000000e6b8a3745 is an unknown value
RSP=0x0000000157c19ba0 is pointing into the stack for thread: 0x00007fd84480b000
RBP=0x0000000157c19cc0 is pointing into the stack for thread: 0x00007fd84480b000
RSI=0x0000000000000002 is an unknown value
RDI=0x0000000000000018 is an unknown value
R8 =0x0000000000000014 is an unknown value
R9 =0x0000000000000000 is an unknown value
R10=0x0000000157c19c70 is pointing into the stack for thread: 0x00007fd84480b000
R11=0x0000000000000246 is an unknown value
R12=0x0000000000006503 is an unknown value
R13=0x0000000004000000 is an unknown value
R14=0x00007fd8428f6038 is an unknown value
R15=0x00007fff90626240: objc_msgSend+0 in /usr/lib/libobjc.A.dylib at 0x00007fff90620000


Stack: [0x0000000157b9a000,0x0000000157c1a000],  sp=0x0000000157c19ba0,  free space=510k
Native frames: (J=compiled Java code, j=interpreted, Vv=VM code, C=native code)
C  [libmacattrs.dylib+0x3184]  -[KQueueWatcher watcherThread:]+0x114


---------------  P R O C E S S  ---------------

Java Threads: ( => current thread )
  0x00007fd843817000 JavaThread "kqueue polling thread" daemon [_thread_blocked, id=24071, stack(0x0000000157a3a000,0x0000000157b3a000)]
=>0x00007fd84480b000 JavaThread "Thread-0" daemon [_thread_in_native, id=25859, stack(0x0000000157b9a000,0x0000000157c1a000)]
  0x00007fd84405c000 JavaThread "Service Thread" daemon [_thread_blocked, id=23043, stack(0x00000001577aa000,0x00000001578aa000)]
  0x00007fd84405b800 JavaThread "C2 CompilerThread1" daemon [_thread_blocked, id=22531, stack(0x00000001576a7000,0x00000001577a7000)]
  0x00007fd84405a000 JavaThread "C2 CompilerThread0" daemon [_thread_blocked, id=22019, stack(0x00000001575a4000,0x00000001576a4000)]
  0x00007fd844050800 JavaThread "Signal Dispatcher" daemon [_thread_blocked, id=21507, stack(0x00000001574a1000,0x00000001575a1000)]
  0x00007fd84404c800 JavaThread "Finalizer" daemon [_thread_blocked, id=16899, stack(0x000000015725a000,0x000000015735a000)]
  0x00007fd844049800 JavaThread "Reference Handler" daemon [_thread_blocked, id=16387, stack(0x0000000157157000,0x0000000157257000)]
  0x00007fd844800800 JavaThread "main" [_thread_in_native, id=4107, stack(0x000000010abf7000,0x000000010acf7000)]

Other Threads:
  0x00007fd844049000 VMThread [stack: 0x0000000157054000,0x0000000157154000] [id=15875]
  0x00007fd84404e000 WatcherThread [stack: 0x00000001578ad000,0x00000001579ad000] [id=23555]

VM state:not at safepoint (normal execution)

VM Mutex/Monitor currently owned by a thread: None

Heap
 PSYoungGen      total 19456K, used 2035K [0x000000013dc00000, 0x000000013f180000, 0x0000000153180000)
  eden space 16896K, 12% used [0x000000013dc00000,0x000000013ddfcf50,0x000000013ec80000)
  from space 2560K, 0% used [0x000000013ef00000,0x000000013ef00000,0x000000013f180000)
  to   space 2560K, 0% used [0x000000013ec80000,0x000000013ec80000,0x000000013ef00000)
 ParOldGen       total 43520K, used 0K [0x0000000113180000, 0x0000000115c00000, 0x000000013dc00000)
  object space 43520K, 0% used [0x0000000113180000,0x0000000113180000,0x0000000115c00000)
 PSPermGen       total 21504K, used 3814K [0x000000010df80000, 0x000000010f480000, 0x0000000113180000)
  object space 21504K, 17% used [0x000000010df80000,0x000000010e3398c8,0x000000010f480000)

Card table byte_map: [0x0000000153180000,0x00000001533aa000] byte_map_base: 0x0000000152910400

Polling page: 0x000000010ad36000

Code Cache  [0x000000010adcc000, 0x000000010b03c000, 0x000000010ddcc000)
 total_blobs=219 nmethods=4 adapters=170 free_code_cache=48744Kb largest_free_block=49904256

Compilation events (8 events):
Event: 1.780 Thread 0x00007fd84405a000    1             java.lang.String::hashCode (55 bytes)
Event: 1.785 Thread 0x00007fd84405a000 nmethod 1 0x000000010ae2e650 code [0x000000010ae2e7a0, 0x000000010ae2e918]
Event: 2.014 Thread 0x00007fd84405b800    2             java.util.Properties$LineReader::readLine (452 bytes)
Event: 2.025 Thread 0x00007fd84405b800 nmethod 2 0x000000010ae2d650 code [0x000000010ae2d7e0, 0x000000010ae2e038]
Event: 2.295 Thread 0x00007fd84405a000    3             java.lang.String::indexOf (70 bytes)
Event: 2.298 Thread 0x00007fd84405a000 nmethod 3 0x000000010ae2d250 code [0x000000010ae2d3a0, 0x000000010ae2d548]
Event: 3.894 Thread 0x00007fd84405b800    4             sun.nio.cs.UTF_8$Encoder::encode (361 bytes)
Event: 3.901 Thread 0x00007fd84405b800 nmethod 4 0x000000010ae33bd0 code [0x000000010ae33d40, 0x000000010ae34268]

GC Heap History (0 events):
No events

Deoptimization events (0 events):
No events

Internal exceptions (10 events):
Event: 3.427 Thread 0x00007fd844800800 Threw 0x000000013dcceb08 at /HUDSON/workspace/7u-2-build-macosx-x86_64/jdk7u51/527/hotspot/src/share/vm/prims/jvm.cpp:1244
Event: 3.428 Thread 0x00007fd844800800 Threw 0x000000013dcd4e88 at /HUDSON/workspace/7u-2-build-macosx-x86_64/jdk7u51/527/hotspot/src/share/vm/prims/jvm.cpp:1244
Event: 3.453 Thread 0x00007fd844800800 Threw 0x000000013dcdb3d8 at /HUDSON/workspace/7u-2-build-macosx-x86_64/jdk7u51/527/hotspot/src/share/vm/prims/jvm.cpp:1244
Event: 3.453 Thread 0x00007fd844800800 Threw 0x000000013dcde348 at /HUDSON/workspace/7u-2-build-macosx-x86_64/jdk7u51/527/hotspot/src/share/vm/prims/jvm.cpp:1244
Event: 3.453 Thread 0x00007fd8440c0800 Threw 0x000000013dcffe68 at /HUDSON/workspace/7u-2-build-macosx-x86_64/jdk7u51/527/hotspot/src/share/vm/prims/jvm.cpp:1244
Event: 3.557 Thread 0x00007fd8440c0800 Threw 0x000000013dd08a90 at /HUDSON/workspace/7u-2-build-macosx-x86_64/jdk7u51/527/hotspot/src/share/vm/prims/jvm.cpp:1244
Event: 3.558 Thread 0x00007fd8440c0800 Threw 0x000000013dd0b520 at /HUDSON/workspace/7u-2-build-macosx-x86_64/jdk7u51/527/hotspot/src/share/vm/prims/jvm.cpp:1244
Event: 3.559 Thread 0x00007fd8440c0800 Threw 0x000000013dd109d8 at /HUDSON/workspace/7u-2-build-macosx-x86_64/jdk7u51/527/hotspot/src/share/vm/prims/jvm.cpp:1244
Event: 3.894 Thread 0x00007fd84480b000 Threw 0x000000013dd55090 at /HUDSON/workspace/7u-2-build-macosx-x86_64/jdk7u51/527/hotspot/src/share/vm/prims/jvm.cpp:1244
Event: 3.922 Thread 0x00007fd8440c0800 Threw 0x000000013dd16ef8 at /HUDSON/workspace/7u-2-build-macosx-x86_64/jdk7u51/527/hotspot/src/share/vm/prims/jvm.cpp:1244

Events (10 events):
Event: 5.338 loading class 0x0000000155e1b490 done
Event: 5.339 loading class 0x00007fd842861b70
Event: 5.341 loading class 0x0000000155dd5070
Event: 5.389 loading class 0x00007fd842861b70 done
Event: 5.467 loading class 0x0000000155dd5070 done
Event: 5.468 Thread 0x00007fd8440c0800 Thread exited: 0x00007fd8440c0800
Event: 5.469 Thread 0x00007fd843817000 Thread added: 0x00007fd843817000
Event: 5.469 Executing VM operation: RevokeBias
Event: 5.469 Executing VM operation: RevokeBias done
Event: 5.471 loading class 0x0000000155e10ed0


Dynamic libraries:
0x000000000dc93000 	/System/Library/Frameworks/Cocoa.framework/Versions/A/Cocoa
0x000000000dc93000 	/System/Library/Frameworks/Security.framework/Versions/A/Security
0x000000000dc93000 	/System/Library/Frameworks/ApplicationServices.framework/Versions/A/ApplicationServices
0x000000000dc93000 	/usr/lib/libz.1.dylib
0x000000000dc93000 	/usr/lib/libSystem.B.dylib
0x000000000dc93000 	/usr/lib/libobjc.A.dylib
0x000000000dc93000 	/System/Library/Frameworks/CoreFoundation.framework/Versions/A/CoreFoundation
0x000000000dc93000 	/System/Library/Frameworks/Foundation.framework/Versions/C/Foundation
0x000000000dc93000 	/System/Library/Frameworks/AppKit.framework/Versions/C/AppKit
0x000000000dc93000 	/System/Library/Frameworks/CoreData.framework/Versions/A/CoreData
0x000000000dc93000 	/System/Library/PrivateFrameworks/RemoteViewServices.framework/Versions/A/RemoteViewServices
0x000000000dc93000 	/System/Library/Frameworks/AudioToolbox.framework/Versions/A/AudioToolbox
0x000000000dc93000 	/System/Library/Frameworks/AudioUnit.framework/Versions/A/AudioUnit
0x000000000dc93000 	/System/Library/PrivateFrameworks/DataDetectorsCore.framework/Versions/A/DataDetectorsCore
0x000000000dc93000 	/System/Library/PrivateFrameworks/DesktopServicesPriv.framework/Versions/A/DesktopServicesPriv
0x000000000dc93000 	/System/Library/Frameworks/Carbon.framework/Versions/A/Frameworks/HIToolbox.framework/Versions/A/HIToolbox
0x000000000dc93000 	/System/Library/Frameworks/QuartzCore.framework/Versions/A/QuartzCore
0x000000000dc93000 	/System/Library/Frameworks/Carbon.framework/Versions/A/Frameworks/SpeechRecognition.framework/Versions/A/SpeechRecognition
0x000000000dc93000 	/usr/lib/libauto.dylib
0x000000000dc93000 	/usr/lib/libicucore.A.dylib
0x000000000dc93000 	/usr/lib/libxml2.2.dylib
0x000000000dc93000 	/System/Library/PrivateFrameworks/CoreUI.framework/Versions/A/CoreUI
0x000000000dc93000 	/System/Library/Frameworks/CoreAudio.framework/Versions/A/CoreAudio
0x000000000dc93000 	/System/Library/Frameworks/DiskArbitration.framework/Versions/A/DiskArbitration
0x000000000dc93000 	/usr/lib/liblangid.dylib
0x000000000dc93000 	/System/Library/PrivateFrameworks/MultitouchSupport.framework/Versions/A/MultitouchSupport
0x000000000dc93000 	/System/Library/Frameworks/IOKit.framework/Versions/A/IOKit
0x000000000dc93000 	/usr/lib/libDiagnosticMessagesClient.dylib
0x000000000dc93000 	/System/Library/Frameworks/CoreServices.framework/Versions/A/CoreServices
0x000000000dc93000 	/System/Library/PrivateFrameworks/PerformanceAnalysis.framework/Versions/A/PerformanceAnalysis
0x000000000dc93000 	/System/Library/PrivateFrameworks/GenerationalStorage.framework/Versions/A/GenerationalStorage
0x000000000dc93000 	/System/Library/Frameworks/OpenGL.framework/Versions/A/OpenGL
0x000000000dc93000 	/System/Library/Frameworks/CoreText.framework/Versions/A/CoreText
0x000000000dc93000 	/System/Library/Frameworks/ImageIO.framework/Versions/A/ImageIO
0x000000000dc93000 	/System/Library/PrivateFrameworks/Backup.framework/Versions/A/Backup
0x000000000dc93000 	/System/Library/Frameworks/CFNetwork.framework/Versions/A/CFNetwork
0x000000000dc93000 	/System/Library/Frameworks/SystemConfiguration.framework/Versions/A/SystemConfiguration
0x000000000dc93000 	/usr/lib/libCRFSuite.dylib
0x000000000dc93000 	/System/Library/PrivateFrameworks/TCC.framework/Versions/A/TCC
0x000000000dc93000 	/usr/lib/libc++.1.dylib
0x000000000dc93000 	/usr/lib/libc++abi.dylib
0x000000000dc93000 	/usr/lib/system/libcache.dylib
0x000000000dc93000 	/usr/lib/system/libcommonCrypto.dylib
0x000000000dc93000 	/usr/lib/system/libcompiler_rt.dylib
0x000000000dc93000 	/usr/lib/system/libcopyfile.dylib
0x000000000dc93000 	/usr/lib/system/libdispatch.dylib
0x000000000dc93000 	/usr/lib/system/libdnsinfo.dylib
0x000000000dc93000 	/usr/lib/system/libdyld.dylib
0x000000000dc93000 	/usr/lib/system/libkeymgr.dylib
0x000000000dc93000 	/usr/lib/system/liblaunch.dylib
0x000000000dc93000 	/usr/lib/system/libmacho.dylib
0x000000000dc93000 	/usr/lib/system/libquarantine.dylib
0x000000000dc93000 	/usr/lib/system/libremovefile.dylib
0x000000000dc93000 	/usr/lib/system/libsystem_blocks.dylib
0x000000000dc93000 	/usr/lib/system/libsystem_c.dylib
0x000000000dc93000 	/usr/lib/system/libsystem_dnssd.dylib
0x000000000dc93000 	/usr/lib/system/libsystem_info.dylib
0x000000000dc93000 	/usr/lib/system/libsystem_kernel.dylib
0x000000000dc93000 	/usr/lib/system/libsystem_m.dylib
0x000000000dc93000 	/usr/lib/system/libsystem_network.dylib
0x000000000dc93000 	/usr/lib/system/libsystem_notify.dylib
0x000000000dc93000 	/usr/lib/system/libsystem_sandbox.dylib
0x000000000dc93000 	/usr/lib/system/libunc.dylib
0x000000000dc93000 	/usr/lib/system/libunwind.dylib
0x000000000dc93000 	/usr/lib/system/libxpc.dylib
0x000000000dc93000 	/usr/lib/system/libcorecrypto.dylib
0x000000000dc93000 	/usr/lib/libstdc++.6.dylib
0x000000000dc93000 	/usr/lib/libbsm.0.dylib
0x000000000dc93000 	/usr/lib/libsqlite3.dylib
0x000000000dc93000 	/usr/lib/libxar.1.dylib
0x000000000dc93000 	/usr/lib/libpam.2.dylib
0x000000000dc93000 	/usr/lib/libOpenScriptingUtil.dylib
0x000000000dc93000 	/usr/lib/libbz2.1.0.dylib
0x000000000dc93000 	/System/Library/Frameworks/CoreServices.framework/Versions/A/Frameworks/CarbonCore.framework/Versions/A/CarbonCore
0x000000000dc93000 	/System/Library/Frameworks/CoreServices.framework/Versions/A/Frameworks/Metadata.framework/Versions/A/Metadata
0x000000000dc93000 	/System/Library/Frameworks/CoreServices.framework/Versions/A/Frameworks/OSServices.framework/Versions/A/OSServices
0x000000000dc93000 	/System/Library/Frameworks/CoreServices.framework/Versions/A/Frameworks/SearchKit.framework/Versions/A/SearchKit
0x000000000dc93000 	/System/Library/Frameworks/CoreServices.framework/Versions/A/Frameworks/AE.framework/Versions/A/AE
0x000000000dc93000 	/System/Library/Frameworks/CoreServices.framework/Versions/A/Frameworks/LaunchServices.framework/Versions/A/LaunchServices
0x000000000dc93000 	/System/Library/Frameworks/CoreServices.framework/Versions/A/Frameworks/DictionaryServices.framework/Versions/A/DictionaryServices
0x000000000dc93000 	/System/Library/Frameworks/NetFS.framework/Versions/A/NetFS
0x000000000dc93000 	/usr/lib/system/libkxld.dylib
0x000000000dc93000 	/System/Library/PrivateFrameworks/NetAuth.framework/Versions/A/NetAuth
0x000000000dc93000 	/System/Library/Frameworks/OpenDirectory.framework/Versions/A/Frameworks/CFOpenDirectory.framework/Versions/A/CFOpenDirectory
0x000000000dc93000 	/usr/lib/libxslt.1.dylib
0x000000000dc93000 	/System/Library/PrivateFrameworks/FamilyControls.framework/Versions/A/FamilyControls
0x000000000dc93000 	/System/Library/Frameworks/Carbon.framework/Versions/A/Frameworks/Ink.framework/Versions/A/Ink
0x000000000dc93000 	/System/Library/Frameworks/ApplicationServices.framework/Versions/A/Frameworks/CoreGraphics.framework/Versions/A/CoreGraphics
0x000000000dc93000 	/System/Library/Frameworks/ApplicationServices.framework/Versions/A/Frameworks/ATS.framework/Versions/A/ATS
0x000000000dc93000 	/System/Library/Frameworks/ApplicationServices.framework/Versions/A/Frameworks/ColorSync.framework/Versions/A/ColorSync
0x000000000dc93000 	/System/Library/Frameworks/ApplicationServices.framework/Versions/A/Frameworks/HIServices.framework/Versions/A/HIServices
0x000000000dc93000 	/System/Library/Frameworks/ApplicationServices.framework/Versions/A/Frameworks/LangAnalysis.framework/Versions/A/LangAnalysis
0x000000000dc93000 	/System/Library/Frameworks/ApplicationServices.framework/Versions/A/Frameworks/PrintCore.framework/Versions/A/PrintCore
0x000000000dc93000 	/System/Library/Frameworks/ApplicationServices.framework/Versions/A/Frameworks/QD.framework/Versions/A/QD
0x000000000dc93000 	/System/Library/Frameworks/ApplicationServices.framework/Versions/A/Frameworks/SpeechSynthesis.framework/Versions/A/SpeechSynthesis
0x000000000dc93000 	/System/Library/Frameworks/IOSurface.framework/Versions/A/IOSurface
0x000000000dc93000 	/System/Library/Frameworks/Accelerate.framework/Versions/A/Accelerate
0x000000000dc93000 	/System/Library/Frameworks/ApplicationServices.framework/Versions/A/Frameworks/ATS.framework/Versions/A/Resources/libFontParser.dylib
0x000000000dc93000 	/System/Library/Frameworks/ApplicationServices.framework/Versions/A/Frameworks/ATS.framework/Versions/A/Resources/libFontRegistry.dylib
0x000000000dc93000 	/System/Library/Frameworks/Accelerate.framework/Versions/A/Frameworks/vImage.framework/Versions/A/vImage
0x000000000dc93000 	/System/Library/Frameworks/Accelerate.framework/Versions/A/Frameworks/vecLib.framework/Versions/A/vecLib
0x000000000dc93000 	/System/Library/Frameworks/Accelerate.framework/Versions/A/Frameworks/vecLib.framework/Versions/A/libvDSP.dylib
0x000000000dc93000 	/System/Library/Frameworks/Accelerate.framework/Versions/A/Frameworks/vecLib.framework/Versions/A/libvMisc.dylib
0x000000000dc93000 	/System/Library/Frameworks/Accelerate.framework/Versions/A/Frameworks/vecLib.framework/Versions/A/libLAPACK.dylib
0x000000000dc93000 	/System/Library/Frameworks/Accelerate.framework/Versions/A/Frameworks/vecLib.framework/Versions/A/libBLAS.dylib
0x000000000dc93000 	/System/Library/Frameworks/ImageIO.framework/Versions/A/Resources/libJPEG.dylib
0x000000000dc93000 	/System/Library/Frameworks/ImageIO.framework/Versions/A/Resources/libTIFF.dylib
0x000000000dc93000 	/System/Library/Frameworks/ImageIO.framework/Versions/A/Resources/libPng.dylib
0x000000000dc93000 	/System/Library/Frameworks/ImageIO.framework/Versions/A/Resources/libGIF.dylib
0x000000000dc93000 	/System/Library/Frameworks/ImageIO.framework/Versions/A/Resources/libJP2.dylib
0x000000000dc93000 	/System/Library/Frameworks/ImageIO.framework/Versions/A/Resources/libRadiance.dylib
0x000000000dc93000 	/usr/lib/libcups.2.dylib
0x000000000dc93000 	/System/Library/Frameworks/Kerberos.framework/Versions/A/Kerberos
0x000000000dc93000 	/System/Library/Frameworks/GSS.framework/Versions/A/GSS
0x000000000dc93000 	/usr/lib/libresolv.9.dylib
0x000000000dc93000 	/usr/lib/libiconv.2.dylib
0x000000000dc93000 	/System/Library/PrivateFrameworks/Heimdal.framework/Versions/A/Heimdal
0x000000000dc93000 	/System/Library/PrivateFrameworks/TrustEvaluationAgent.framework/Versions/A/TrustEvaluationAgent
0x000000000dc93000 	/System/Library/Frameworks/OpenDirectory.framework/Versions/A/OpenDirectory
0x000000000dc93000 	/System/Library/PrivateFrameworks/CommonAuth.framework/Versions/A/CommonAuth
0x000000000dc93000 	/System/Library/PrivateFrameworks/Bom.framework/Versions/A/Bom
0x000000000dc93000 	/System/Library/Frameworks/CoreVideo.framework/Versions/A/CoreVideo
0x000000000dc93000 	/System/Library/Frameworks/QuartzCore.framework/Versions/A/Frameworks/CoreImage.framework/Versions/A/CoreImage
0x000000000dc93000 	/System/Library/Frameworks/QuartzCore.framework/Versions/A/Frameworks/ScalableUserInterface.framework/Versions/A/ScalableUserInterface
0x000000000dc93000 	/System/Library/Frameworks/OpenGL.framework/Versions/A/Libraries/libGLU.dylib
0x000000000dc93000 	/System/Library/Frameworks/OpenGL.framework/Versions/A/Libraries/libGFXShared.dylib
0x000000000dc93000 	/System/Library/Frameworks/OpenGL.framework/Versions/A/Libraries/libGL.dylib
0x000000000dc93000 	/System/Library/Frameworks/OpenGL.framework/Versions/A/Libraries/libGLImage.dylib
0x000000000dc93000 	/System/Library/Frameworks/OpenGL.framework/Versions/A/Libraries/libCVMSPluginSupport.dylib
0x000000000dc93000 	/System/Library/Frameworks/OpenGL.framework/Versions/A/Libraries/libCoreVMClient.dylib
0x000000000dc93000 	/System/Library/PrivateFrameworks/CrashReporterSupport.framework/Versions/A/CrashReporterSupport
0x000000000dc93000 	/System/Library/Frameworks/OpenCL.framework/Versions/A/OpenCL
0x000000000dc93000 	/System/Library/PrivateFrameworks/FaceCoreLight.framework/Versions/A/FaceCoreLight
0x000000000dc93000 	/System/Library/PrivateFrameworks/AppleFSCompression.framework/Versions/A/AppleFSCompression
0x000000000dc93000 	/System/Library/PrivateFrameworks/Ubiquity.framework/Versions/A/Ubiquity
0x000000000dc93000 	/System/Library/Frameworks/ServiceManagement.framework/Versions/A/ServiceManagement
0x000000000dc93000 	/System/Library/PrivateFrameworks/ChunkingLibrary.framework/Versions/A/ChunkingLibrary
0x000000000dc93000 	/System/Library/Frameworks/vecLib.framework/Versions/A/vecLib
0x000000000dc93000 	/System/Library/Frameworks/SecurityFoundation.framework/Versions/A/SecurityFoundation
0x000000000dc93000 	/System/Library/PrivateFrameworks/CommerceKit.framework/Versions/A/Frameworks/CommerceCore.framework/Versions/A/CommerceCore
0x000000000dc93000 	/System/Library/PrivateFrameworks/CoreSymbolication.framework/Versions/A/CoreSymbolication
0x000000000dc93000 	/System/Library/PrivateFrameworks/Symbolication.framework/Versions/A/Symbolication
0x000000000dc93000 	/System/Library/PrivateFrameworks/DebugSymbols.framework/Versions/A/DebugSymbols
0x000000010a1a3000 	/Library/Java/JavaVirtualMachines/jdk1.7.0_51.jdk/Contents/Home/jre/lib/server/libjvm.dylib
0x000000010acf9000 	/Library/Java/JavaVirtualMachines/jdk1.7.0_51.jdk/Contents/Home/jre/lib/libverify.dylib
0x000000010ad06000 	/Library/Java/JavaVirtualMachines/jdk1.7.0_51.jdk/Contents/Home/jre/lib/libjava.dylib
0x000000010adc3000 	/Library/Java/JavaVirtualMachines/jdk1.7.0_51.jdk/Contents/Home/jre/lib/libzip.dylib
0x000000015735c000 	/System/Library/Frameworks/JavaVM.framework/Frameworks/JavaRuntimeSupport.framework/JavaRuntimeSupport
0x0000000157375000 	/System/Library/Frameworks/JavaVM.framework/Versions/A/Frameworks/JavaNativeFoundation.framework/Versions/A/JavaNativeFoundation
0x000000015738b000 	/System/Library/Frameworks/JavaVM.framework/Versions/A/JavaVM
0x000000000dc93000 	/System/Library/Frameworks/Carbon.framework/Versions/A/Carbon
0x000000010def4000 	/System/Library/PrivateFrameworks/JavaLaunching.framework/Versions/A/JavaLaunching
0x000000000dc93000 	/System/Library/Frameworks/Carbon.framework/Versions/A/Frameworks/CommonPanels.framework/Versions/A/CommonPanels
0x000000000dc93000 	/System/Library/Frameworks/Carbon.framework/Versions/A/Frameworks/Help.framework/Versions/A/Help
0x000000000dc93000 	/System/Library/Frameworks/Carbon.framework/Versions/A/Frameworks/ImageCapture.framework/Versions/A/ImageCapture
0x000000000dc93000 	/System/Library/Frameworks/Carbon.framework/Versions/A/Frameworks/OpenScripting.framework/Versions/A/OpenScripting
0x000000000dc93000 	/System/Library/Frameworks/Carbon.framework/Versions/A/Frameworks/Print.framework/Versions/A/Print
0x000000000dc93000 	/System/Library/Frameworks/Carbon.framework/Versions/A/Frameworks/SecurityHI.framework/Versions/A/SecurityHI
0x00000001579c8000 	/Library/Java/JavaVirtualMachines/jdk1.7.0_51.jdk/Contents/Home/jre/lib/libnio.dylib
0x00000001579d7000 	/Library/Java/JavaVirtualMachines/jdk1.7.0_51.jdk/Contents/Home/jre/lib/./libnet.dylib
0x0000000157b3c000 	/Users/mjh/trz/libmacattrs.dylib
0x000000000dc93000 	/System/Library/PrivateFrameworks/CoreServicesInternal.framework/Versions/A/CoreServicesInternal

VM Arguments:
jvm_args: -Djava.nio.file.spi.DefaultFileSystemProvider=us.hall.trz.osx.MacFileSystemProvider 
java_command: Basic
Launcher Type: SUN_STANDARD

Environment Variables:
PATH=/opt/local/bin:/opt/local/sbin:/Users/mjh/.rvm/gems/ruby-1.9.3-p327/bin:/Users/mjh/.rvm/gems/ruby-1.9.3-p327@global/bin:/Users/mjh/.rvm/rubies/ruby-1.9.3-p327/bin:/Users/mjh/.rvm/bin:/opt/local/bin:/opt/local/sbin:/Volumes/mbvol/apache-maven-3.0.2/bin:/usr/local/bin:/usr/local/sbin:/usr/bin:/bin:/usr/sbin:/sbin:/usr/local/bin:/Library/Frameworks/JRuby.framework/Versions/Current/bin
SHELL=/bin/bash
DISPLAY=:0.0

Signal Handlers:
SIGSEGV: [libjvm.dylib+0x525425], sa_mask[0]=0xfffefeff, sa_flags=0x00000043
SIGBUS: [libjvm.dylib+0x525425], sa_mask[0]=0xfffefeff, sa_flags=0x00000042
SIGFPE: [libjvm.dylib+0x41892a], sa_mask[0]=0xfffefeff, sa_flags=0x00000042
SIGPIPE: [libjvm.dylib+0x41892a], sa_mask[0]=0xfffefeff, sa_flags=0x00000042
SIGXFSZ: [libjvm.dylib+0x41892a], sa_mask[0]=0xfffefeff, sa_flags=0x00000042
SIGILL: [libjvm.dylib+0x41892a], sa_mask[0]=0xfffefeff, sa_flags=0x00000042
SIGUSR1: SIG_DFL, sa_mask[0]=0x63807efb, sa_flags=0x00000000
SIGUSR2: [libjvm.dylib+0x41841c], sa_mask[0]=0x00000004, sa_flags=0x00000042
SIGHUP: [libjvm.dylib+0x4166ab], sa_mask[0]=0xfffefeff, sa_flags=0x00000042
SIGINT: [libjvm.dylib+0x4166ab], sa_mask[0]=0xfffefeff, sa_flags=0x00000042
SIGTERM: [libjvm.dylib+0x4166ab], sa_mask[0]=0xfffefeff, sa_flags=0x00000042
SIGQUIT: [libjvm.dylib+0x4166ab], sa_mask[0]=0xfffefeff, sa_flags=0x00000042


---------------  S Y S T E M  ---------------

OS:Bsduname:Darwin 12.5.0 Darwin Kernel Version 12.5.0: Sun Sep 29 13:33:47 PDT 2013; root:xnu-2050.48.12~1/RELEASE_X86_64 x86_64
rlimit: STACK 8192k, CORE 0k, NPROC 709, NOFILE 10240, AS infinity
load average:1.72 1.64 1.41

CPU:total 4 (2 cores per cpu, 2 threads per core) family 6 model 58 stepping 9, cmov, cx8, fxsr, mmx, sse, sse2, sse3, ssse3, sse4.1, sse4.2, popcnt, avx, aes, erms, ht, tsc, tscinvbit, tscinv

Memory: 4k page, physical 4194304k(1048576k free)

/proc/meminfo:


vm_info: Java HotSpot(TM) 64-Bit Server VM (24.51-b03) for bsd-amd64 JRE (1.7.0_51-b13), built on Dec 18 2013 18:45:56 by "java_re" with gcc 4.2.1 (Based on Apple Inc. build 5658) (LLVM build 2336.11.00)

time: Sun Aug 10 11:05:57 2014
elapsed time: 6 seconds

